<?xml version="1.0" encoding="UTF-8"?>
<testng-results ignored="0" total="3" passed="2" failed="1" skipped="0">
  <reporter-output>
  </reporter-output>
  <suite started-at="2020-07-15T22:39:01 EDT" name="etsyProject" finished-at="2020-07-15T22:39:14 EDT" duration-ms="13511">
    <groups>
    </groups>
    <test started-at="2020-07-15T22:39:01 EDT" name="Test" finished-at="2020-07-15T22:39:14 EDT" duration-ms="13511">
      <class name="com.bny.testcases.LoginPageTest">
        <test-method is-config="true" signature="setUp()[pri:0, instance:com.bny.testcases.LoginPageTest@54c562f7]" started-at="2020-07-15T22:39:01 EDT" name="setUp" finished-at="2020-07-15T22:39:10 EDT" duration-ms="8588" status="PASS">
          <reporter-output>
          </reporter-output>
        </test-method> <!-- setUp -->
        <test-method signature="clickedOnSignInImage()[pri:1, instance:com.bny.testcases.LoginPageTest@54c562f7]" started-at="2020-07-15T22:39:10 EDT" name="clickedOnSignInImage" finished-at="2020-07-15T22:39:10 EDT" duration-ms="107" status="PASS">
          <reporter-output>
          </reporter-output>
        </test-method> <!-- clickedOnSignInImage -->
        <test-method signature="enterValidUsername()[pri:2, instance:com.bny.testcases.LoginPageTest@54c562f7]" started-at="2020-07-15T22:39:10 EDT" name="enterValidUsername" finished-at="2020-07-15T22:39:10 EDT" duration-ms="380" status="FAIL">
          <exception class="java.lang.AssertionError">
            <message>
              <![CDATA[expected [false] but found [true]]]>
            </message>
            <full-stacktrace>
              <![CDATA[java.lang.AssertionError: expected [false] but found [true]
at org.testng.Assert.fail(Assert.java:97)
at org.testng.Assert.failNotEquals(Assert.java:968)
at org.testng.Assert.assertFalse(Assert.java:65)
at org.testng.Assert.assertFalse(Assert.java:75)
at com.bny.testcases.LoginPageTest.enterValidUsername(LoginPageTest.java:58)
at java.base/jdk.internal.reflect.NativeMethodAccessorImpl.invoke0(Native Method)
at java.base/jdk.internal.reflect.NativeMethodAccessorImpl.invoke(NativeMethodAccessorImpl.java:62)
at java.base/jdk.internal.reflect.DelegatingMethodAccessorImpl.invoke(DelegatingMethodAccessorImpl.java:43)
at java.base/java.lang.reflect.Method.invoke(Method.java:567)
at org.testng.internal.MethodInvocationHelper.invokeMethod(MethodInvocationHelper.java:135)
at org.testng.internal.TestInvoker.invokeMethod(TestInvoker.java:598)
at org.testng.internal.TestInvoker.invokeTestMethod(TestInvoker.java:174)
at org.testng.internal.MethodRunner.runInSequence(MethodRunner.java:46)
at org.testng.internal.TestInvoker$MethodInvocationAgent.invoke(TestInvoker.java:821)
at org.testng.internal.TestInvoker.invokeTestMethods(TestInvoker.java:147)
at org.testng.internal.TestMethodWorker.invokeTestMethods(TestMethodWorker.java:146)
at org.testng.internal.TestMethodWorker.run(TestMethodWorker.java:128)
at java.base/java.util.ArrayList.forEach(ArrayList.java:1507)
at org.testng.TestRunner.privateRun(TestRunner.java:767)
at org.testng.TestRunner.run(TestRunner.java:588)
at org.testng.SuiteRunner.runTest(SuiteRunner.java:384)
at org.testng.SuiteRunner.runSequentially(SuiteRunner.java:378)
at org.testng.SuiteRunner.privateRun(SuiteRunner.java:337)
at org.testng.SuiteRunner.run(SuiteRunner.java:286)
at org.testng.SuiteRunnerWorker.runSuite(SuiteRunnerWorker.java:53)
at org.testng.SuiteRunnerWorker.run(SuiteRunnerWorker.java:96)
at org.testng.TestNG.runSuitesSequentially(TestNG.java:1214)
at org.testng.TestNG.runSuitesLocally(TestNG.java:1136)
at org.testng.TestNG.runSuites(TestNG.java:1066)
at org.testng.TestNG.run(TestNG.java:1034)
at org.testng.remote.AbstractRemoteTestNG.run(AbstractRemoteTestNG.java:115)
at org.testng.remote.RemoteTestNG.initAndRun(RemoteTestNG.java:251)
at org.testng.remote.RemoteTestNG.main(RemoteTestNG.java:77)
]]>
            </full-stacktrace>
          </exception> <!-- java.lang.AssertionError -->
          <reporter-output>
          </reporter-output>
        </test-method> <!-- enterValidUsername -->
        <test-method signature="clickedOnSubmitBtn()[pri:3, instance:com.bny.testcases.LoginPageTest@54c562f7]" started-at="2020-07-15T22:39:10 EDT" name="clickedOnSubmitBtn" finished-at="2020-07-15T22:39:10 EDT" duration-ms="75" status="PASS">
          <reporter-output>
          </reporter-output>
        </test-method> <!-- clickedOnSubmitBtn -->
        <test-method is-config="true" signature="teardown()[pri:0, instance:com.bny.testcases.LoginPageTest@54c562f7]" started-at="2020-07-15T22:39:10 EDT" name="teardown" finished-at="2020-07-15T22:39:14 EDT" duration-ms="4321" status="PASS">
          <reporter-output>
          </reporter-output>
        </test-method> <!-- teardown -->
      </class> <!-- com.bny.testcases.LoginPageTest -->
    </test> <!-- Test -->
  </suite> <!-- etsyProject -->
</testng-results>
